drs.php::27: Array
(
    [file] => '/home/axel/share/BFS KID981538.c53.zip'
)

drs.php::27:27.11.20 17:43:38 Array
(
    [file] => '/opt/src/camt_test/tmp_20201113135848/2020-11-02_C53_DE54100205000001398701_EUR_151001.xml'
)

drs.php::27:27.11.20 17:48:13 Array
(
    [file] => '/opt/src/camt_test/tmp_20201113135848/2020-11-02_C53_DE54100205000001398701_EUR_151001.xml'
)

drs.php::27:27.11.20 17:49:34 Array
(
    [file] => '/opt/src/camt_test/tmp_20201113135848/2020-11-02_C53_DE54100205000001398701_EUR_151001.xml'
)

drs.php::27:27.11.20 18:13:03 Array
(
    [file] => '/opt/src/camt_test/tmp_20201113135848/2020-11-02_C53_DE54100205000001398701_EUR_151001.xml'
)

drs.php::27:28.11.20 10:13:28 Array
(
    [file] => '/opt/src/camt_test/rla-test.zip'
)

drs.php::27:28.11.20 10:34:34 Array
(
    [file] => '/opt/src/camt_test/rla-test.zip'
)

drs.php::27:28.11.20 10:36:21 Array
(
    [file] => '/opt/src/camt_test/rla-test.zip'
)

drs.php::27:28.11.20 10:45:16 Array
(
    [file] => '/opt/src/camt_test/rla-test.zip'
)

drs.php::27:28.11.20 11:04:25 Array
(
    [file] => '/opt/src/camt_test/rla-test.zip'
)

drs.php::27:28.11.20 11:10:34 Array
(
    [file] => test.txt
)

drs.php::27:28.11.20 11:12:00 Array
(
    [file] => rla-test.zip 
)

drs.php::27:28.11.20 11:12:40 Array
(
    [file] => "rla-test.zip"
)

drs.php::27:28.11.20 11:13:27 Array
(
    [file] => rla-test.zip
)

drs.php::27:28.11.20 13:50:38 Array
(
    [file] => '/opt/src/camt_test/rla-test.zip'
)

drs.php::27:28.11.20 13:54:25 Array
(
    [file] => '/opt/src/camt_test/rla-test.zip'
)

drs.php::27:28.11.20 13:58:20 Array
(
    [file] => '/opt/src/camt_test/rla-test.zip'
)

drs.php::27:28.11.20 13:59:36 Array
(
    [file] => '/opt/src/camt_test/rla-test.zip'
)

